<?xml version="1.0" encoding="UTF-8"?><testsuite errors="0" failures="1" name="Get User" skipped="0" tests="1" time="3.16" timestamp="2022-02-24 11:12:00"><testcase name="Get user Sucessfuly"><failure message="1 expectation failed.&#10;Expected status code &lt;200&gt; but was &lt;404&gt;.&#10;" type="java.lang.AssertionError">1 expectation failed.
Expected status code &lt;200&gt; but was &lt;404&gt;.
</failure><system-err>1 expectation failed.
Expected status code &lt;200&gt; but was &lt;404&gt;.
&#13;
io.restassured.internal.ResponseSpecificationImpl.validateResponseIfRequired(ResponseSpecificationImpl.groovy:656)&#13;
io.restassured.internal.ResponseSpecificationImpl.statusCode(ResponseSpecificationImpl.groovy:125)&#13;
io.restassured.internal.ResponseSpecificationImpl.statusCode(ResponseSpecificationImpl.groovy:133)&#13;
io.restassured.internal.ValidatableResponseOptionsImpl.statusCode(ValidatableResponseOptionsImpl.java:119)&#13;
io.swagger.petstore.testing.stepdefinitions.CreateUserStepDefinition.iValidateTheStatusCode(CreateUserStepDefinition.java:32)&#13;
âœ½.I validate the status code 200(src/test/resources/io.swagger.petstore.testing.feature/GetUser.feature:10)&#13;
</system-err></testcase></testsuite>